
Processing /home/users/phchang/work/vvv/WWZRun3NanoLooper/rooutil/bin/../macro/makeCMS3ClassFiles.C("/home/users/phchang/work/vvv/WWZRun3NanoLooper/vvvtree/v9/WWZJetsTo4L2Nu_4F_TuneCP5_13TeV-amcatnlo-pythia8_RunIISummer20UL18NanoAODv9-106X_upgrade2018_realistic_v16_L1v1-v2_NANOAODSIM_v9.root","t","vvvtree","tas","vvv")...
Common_isData
Common_isData/I

Common_run
Common_run/I

Common_lumi
Common_lumi/I

Common_evt
Common_evt/l

Common_genWeight
Common_genWeight/F

Common_btagWeight_DeepCSVB
Common_btagWeight_DeepCSVB/F

Common_wgt
Common_wgt/F

Common_event_puWeight
Common_event_puWeight/F

Common_event_puWeightup
Common_event_puWeightup/F

Common_event_puWeightdn
Common_event_puWeightdn/F

Common_event_prefireWeight
Common_event_prefireWeight/F

Common_event_prefireWeightup
Common_event_prefireWeightup/F

Common_event_prefireWeightdn
Common_event_prefireWeightdn/F

Common_event_triggerWeight
Common_event_triggerWeight/F

Common_event_triggerWeightup
Common_event_triggerWeightup/F

Common_event_triggerWeightdn
Common_event_triggerWeightdn/F

Common_LHEWeight_mg_reweighting
Common_LHEWeight_mg_reweighting
vector<float>
Common_HLT_Mu17_TrkIsoVVL_Mu8_TrkIsoVVL_DZ
Common_HLT_Mu17_TrkIsoVVL_Mu8_TrkIsoVVL_DZ/O

Common_HLT_Mu17_TrkIsoVVL_Mu8_TrkIsoVVL
Common_HLT_Mu17_TrkIsoVVL_Mu8_TrkIsoVVL/O

Common_HLT_Mu17_TrkIsoVVL_Mu8_TrkIsoVVL_DZ_Mass3p8
Common_HLT_Mu17_TrkIsoVVL_Mu8_TrkIsoVVL_DZ_Mass3p8/O

Common_HLT_Ele23_Ele12_CaloIdL_TrackIdL_IsoVL_DZ
Common_HLT_Ele23_Ele12_CaloIdL_TrackIdL_IsoVL_DZ/O

Common_HLT_Ele23_Ele12_CaloIdL_TrackIdL_IsoVL
Common_HLT_Ele23_Ele12_CaloIdL_TrackIdL_IsoVL/O

Common_HLT_Mu23_TrkIsoVVL_Ele12_CaloIdL_TrackIdL_IsoVL_DZ
Common_HLT_Mu23_TrkIsoVVL_Ele12_CaloIdL_TrackIdL_IsoVL_DZ/O

Common_HLT_Mu23_TrkIsoVVL_Ele12_CaloIdL_TrackIdL_IsoVL
Common_HLT_Mu23_TrkIsoVVL_Ele12_CaloIdL_TrackIdL_IsoVL/O

Common_HLT_Mu8_TrkIsoVVL_Ele23_CaloIdL_TrackIdL_IsoVL_DZ
Common_HLT_Mu8_TrkIsoVVL_Ele23_CaloIdL_TrackIdL_IsoVL_DZ/O

Common_HLT_Mu8_TrkIsoVVL_Ele23_CaloIdL_TrackIdL_IsoVL
Common_HLT_Mu8_TrkIsoVVL_Ele23_CaloIdL_TrackIdL_IsoVL/O

Common_HLT_PFHT1050
Common_HLT_PFHT1050/O

Common_HLT_AK8PFJet500
Common_HLT_AK8PFJet500/O

Common_HLT_AK8PFJet380_TrimMass30
Common_HLT_AK8PFJet380_TrimMass30/O

Common_HLT_AK8PFJet360_TrimMass30
Common_HLT_AK8PFJet360_TrimMass30/O

Common_HLT_AK8PFJet400_TrimMass30
Common_HLT_AK8PFJet400_TrimMass30/O

Common_HLT_AK8PFJet420_TrimMass30
Common_HLT_AK8PFJet420_TrimMass30/O

Common_HLT_AK8PFHT750_TrimMass50
Common_HLT_AK8PFHT750_TrimMass50/O

Common_HLT_AK8PFHT800_TrimMass50
Common_HLT_AK8PFHT800_TrimMass50/O

Common_HLT_AK8PFHT850_TrimMass50
Common_HLT_AK8PFHT850_TrimMass50/O

Common_HLT_AK8PFHT900_TrimMass50
Common_HLT_AK8PFHT900_TrimMass50/O

Common_HLT_DoubleEl
Common_HLT_DoubleEl/O

Common_HLT_MuEG
Common_HLT_MuEG/O

Common_HLT_DoubleMu
Common_HLT_DoubleMu/O

Common_pass_duplicate_removal_ee_em_mm
Common_pass_duplicate_removal_ee_em_mm/O

Common_pass_duplicate_removal_mm_em_ee
Common_pass_duplicate_removal_mm_em_ee/O

Common_noiseFlag
Common_noiseFlag/O

Common_noiseFlagMC
Common_noiseFlagMC/O

Common_passGoodRun
Common_passGoodRun/O

Common_met_p4
Common_met_p4
ROOT::Math::LorentzVector<ROOT::Math::PtEtaPhiM4D<float> >
Common_met_p4_jesup
Common_met_p4_jesup
ROOT::Math::LorentzVector<ROOT::Math::PtEtaPhiM4D<float> >
Common_met_p4_jesdn
Common_met_p4_jesdn
ROOT::Math::LorentzVector<ROOT::Math::PtEtaPhiM4D<float> >
Common_met_p4_jerup
Common_met_p4_jerup
ROOT::Math::LorentzVector<ROOT::Math::PtEtaPhiM4D<float> >
Common_met_p4_jerdn
Common_met_p4_jerdn
ROOT::Math::LorentzVector<ROOT::Math::PtEtaPhiM4D<float> >
Common_event_lepSF
Common_event_lepSF/F

Common_event_lepSFelup
Common_event_lepSFelup/F

Common_event_lepSFeldn
Common_event_lepSFeldn/F

Common_event_lepSFmuup
Common_event_lepSFmuup/F

Common_event_lepSFmudn
Common_event_lepSFmudn/F

Common_event_lepSFTight
Common_event_lepSFTight/F

Common_event_lepSFelupTight
Common_event_lepSFelupTight/F

Common_event_lepSFeldnTight
Common_event_lepSFeldnTight/F

Common_event_lepSFmuupTight
Common_event_lepSFmuupTight/F

Common_event_lepSFmudnTight
Common_event_lepSFmudnTight/F

Common_event_tightBtagSF
Common_event_tightBtagSF/F

Common_event_tightBtagSFup
Common_event_tightBtagSFup/F

Common_event_tightBtagSFdn
Common_event_tightBtagSFdn/F

Common_event_tightBtagSFHFup
Common_event_tightBtagSFHFup/F

Common_event_tightBtagSFHFdn
Common_event_tightBtagSFHFdn/F

Common_event_tightBtagSFLFup
Common_event_tightBtagSFLFup/F

Common_event_tightBtagSFLFdn
Common_event_tightBtagSFLFdn/F

Common_event_mediumBtagSF
Common_event_mediumBtagSF/F

Common_event_mediumBtagSFup
Common_event_mediumBtagSFup/F

Common_event_mediumBtagSFdn
Common_event_mediumBtagSFdn/F

Common_event_mediumBtagSFHFup
Common_event_mediumBtagSFHFup/F

Common_event_mediumBtagSFHFdn
Common_event_mediumBtagSFHFdn/F

Common_event_mediumBtagSFLFup
Common_event_mediumBtagSFLFup/F

Common_event_mediumBtagSFLFdn
Common_event_mediumBtagSFLFdn/F

Common_event_looseBtagSF
Common_event_looseBtagSF/F

Common_event_looseBtagSFup
Common_event_looseBtagSFup/F

Common_event_looseBtagSFdn
Common_event_looseBtagSFdn/F

Common_event_looseBtagSFHFup
Common_event_looseBtagSFHFup/F

Common_event_looseBtagSFHFdn
Common_event_looseBtagSFHFdn/F

Common_event_looseBtagSFLFup
Common_event_looseBtagSFLFup/F

Common_event_looseBtagSFLFdn
Common_event_looseBtagSFLFdn/F

Common_lep_p4
Common_lep_p4_
vector<ROOT::Math::LorentzVector<ROOT::Math::PtEtaPhiM4D<float> > >
Common_lep_idxs
Common_lep_idxs
vector<int>
Common_lep_pdgid
Common_lep_pdgid
vector<int>
Common_lep_tight
Common_lep_tight
vector<int>
Common_lep_dxy
Common_lep_dxy
vector<float>
Common_lep_dz
Common_lep_dz
vector<float>
Common_lep_ip3d
Common_lep_ip3d
vector<float>
Common_lep_sip3d
Common_lep_sip3d
vector<float>
Common_lep_IsoID
Common_lep_IsoID
vector<int>
Common_lep_relIso03_all
Common_lep_relIso03_all
vector<float>
Common_lep_ID
Common_lep_ID
vector<int>
Common_lep_SF
Common_lep_SF
vector<float>
Common_lep_SFTight
Common_lep_SFTight
vector<float>
Common_lep_SFdn
Common_lep_SFdn
vector<float>
Common_lep_SFdnTight
Common_lep_SFdnTight
vector<float>
Common_lep_SFup
Common_lep_SFup
vector<float>
Common_lep_SFupTight
Common_lep_SFupTight
vector<float>
Common_jet_p4
Common_jet_p4_
vector<ROOT::Math::LorentzVector<ROOT::Math::PtEtaPhiM4D<float> > >
Common_jet_idxs
Common_jet_idxs
vector<int>
Common_jet_passBloose
Common_jet_passBloose
vector<bool>
Common_jet_passBmedium
Common_jet_passBmedium
vector<bool>
Common_jet_passBtight
Common_jet_passBtight
vector<bool>
Common_jet_id
Common_jet_id
vector<int>
Common_jet_puid
Common_jet_puid
vector<int>
Common_jet_overlapfatjet
Common_jet_overlapfatjet
vector<int>
Common_jet_pt_jesup
Common_jet_pt_jesup
vector<float>
Common_jet_pt_jesdn
Common_jet_pt_jesdn
vector<float>
Common_jet_pt_jerup
Common_jet_pt_jerup
vector<float>
Common_jet_pt_jerdn
Common_jet_pt_jerdn
vector<float>
Common_jet_mass_jesup
Common_jet_mass_jesup
vector<float>
Common_jet_mass_jesdn
Common_jet_mass_jesdn
vector<float>
Common_jet_mass_jerup
Common_jet_mass_jerup
vector<float>
Common_jet_mass_jerdn
Common_jet_mass_jerdn
vector<float>
Common_fatjet_p4
Common_fatjet_p4_
vector<ROOT::Math::LorentzVector<ROOT::Math::PtEtaPhiM4D<float> > >
Common_fatjet_idxs
Common_fatjet_idxs
vector<int>
Common_fatjet_id
Common_fatjet_id
vector<int>
Common_fatjet_msoftdrop
Common_fatjet_msoftdrop
vector<float>
Common_fatjet_deepMD_W
Common_fatjet_deepMD_W
vector<float>
Common_fatjet_deep_W
Common_fatjet_deep_W
vector<float>
Common_fatjet_deepMD_Z
Common_fatjet_deepMD_Z
vector<float>
Common_fatjet_deep_Z
Common_fatjet_deep_Z
vector<float>
Common_fatjet_deepMD_T
Common_fatjet_deepMD_T
vector<float>
Common_fatjet_deep_T
Common_fatjet_deep_T
vector<float>
Common_fatjet_deepMD_bb
Common_fatjet_deepMD_bb
vector<float>
Common_fatjet_particleNetMD_W
Common_fatjet_particleNetMD_W
vector<float>
Common_fatjet_particleNetMD_Xqq
Common_fatjet_particleNetMD_Xqq
vector<float>
Common_fatjet_particleNetMD_Xcc
Common_fatjet_particleNetMD_Xcc
vector<float>
Common_fatjet_particleNetMD_Xbb
Common_fatjet_particleNetMD_Xbb
vector<float>
Common_fatjet_particleNetMD_QCD
Common_fatjet_particleNetMD_QCD
vector<float>
Common_fatjet_particleNet_QCD
Common_fatjet_particleNet_QCD
vector<float>
Common_fatjet_particleNet_W
Common_fatjet_particleNet_W
vector<float>
Common_fatjet_particleNet_Z
Common_fatjet_particleNet_Z
vector<float>
Common_fatjet_particleNet_T
Common_fatjet_particleNet_T
vector<float>
Common_fatjet_tau3
Common_fatjet_tau3
vector<float>
Common_fatjet_tau2
Common_fatjet_tau2
vector<float>
Common_fatjet_tau1
Common_fatjet_tau1
vector<float>
Common_fatjet_tau32
Common_fatjet_tau32
vector<float>
Common_fatjet_tau21
Common_fatjet_tau21
vector<float>
Common_fatjet_subjet0_pt
Common_fatjet_subjet0_pt
vector<float>
Common_fatjet_subjet0_eta
Common_fatjet_subjet0_eta
vector<float>
Common_fatjet_subjet0_phi
Common_fatjet_subjet0_phi
vector<float>
Common_fatjet_subjet0_mass
Common_fatjet_subjet0_mass
vector<float>
Common_fatjet_subjet1_pt
Common_fatjet_subjet1_pt
vector<float>
Common_fatjet_subjet1_eta
Common_fatjet_subjet1_eta
vector<float>
Common_fatjet_subjet1_phi
Common_fatjet_subjet1_phi
vector<float>
Common_fatjet_subjet1_mass
Common_fatjet_subjet1_mass
vector<float>
Common_fatjet_subjet0_p4
Common_fatjet_subjet0_p4_
vector<ROOT::Math::LorentzVector<ROOT::Math::PtEtaPhiM4D<float> > >
Common_fatjet_subjet1_p4
Common_fatjet_subjet1_p4_
vector<ROOT::Math::LorentzVector<ROOT::Math::PtEtaPhiM4D<float> > >
Common_fatjet_WP
Common_fatjet_WP
vector<int>
Common_fatjet_WP_MD
Common_fatjet_WP_MD
vector<int>
Common_fatjet_WP_antimasscut
Common_fatjet_WP_antimasscut
vector<int>
Common_fatjet_WP_MD_antimasscut
Common_fatjet_WP_MD_antimasscut
vector<int>
Common_fatjet_SFVLoose
Common_fatjet_SFVLoose
vector<float>
Common_fatjet_SFMedium
Common_fatjet_SFMedium
vector<float>
Common_fatjet_SFTight
Common_fatjet_SFTight
vector<float>
Common_fatjet_SFdnVLoose
Common_fatjet_SFdnVLoose
vector<float>
Common_fatjet_SFdnMedium
Common_fatjet_SFdnMedium
vector<float>
Common_fatjet_SFdnTight
Common_fatjet_SFdnTight
vector<float>
Common_fatjet_SFupVLoose
Common_fatjet_SFupVLoose
vector<float>
Common_fatjet_SFupMedium
Common_fatjet_SFupMedium
vector<float>
Common_fatjet_SFupTight
Common_fatjet_SFupTight
vector<float>
Common_fatjet_MD_SFLoose
Common_fatjet_MD_SFLoose
vector<float>
Common_fatjet_MD_SFMedium
Common_fatjet_MD_SFMedium
vector<float>
Common_fatjet_MD_SFTight
Common_fatjet_MD_SFTight
vector<float>
Common_fatjet_MD_SFdnLoose
Common_fatjet_MD_SFdnLoose
vector<float>
Common_fatjet_MD_SFdnMedium
Common_fatjet_MD_SFdnMedium
vector<float>
Common_fatjet_MD_SFdnTight
Common_fatjet_MD_SFdnTight
vector<float>
Common_fatjet_MD_SFupLoose
Common_fatjet_MD_SFupLoose
vector<float>
Common_fatjet_MD_SFupMedium
Common_fatjet_MD_SFupMedium
vector<float>
Common_fatjet_MD_SFupTight
Common_fatjet_MD_SFupTight
vector<float>
Common_fatjet_pt_jesup
Common_fatjet_pt_jesup
vector<float>
Common_fatjet_pt_jesdn
Common_fatjet_pt_jesdn
vector<float>
Common_fatjet_pt_jerup
Common_fatjet_pt_jerup
vector<float>
Common_fatjet_pt_jerdn
Common_fatjet_pt_jerdn
vector<float>
Common_fatjet_msoftdrop_jesup
Common_fatjet_msoftdrop_jesup
vector<float>
Common_fatjet_msoftdrop_jesdn
Common_fatjet_msoftdrop_jesdn
vector<float>
Common_fatjet_msoftdrop_jerup
Common_fatjet_msoftdrop_jerup
vector<float>
Common_fatjet_msoftdrop_jerdn
Common_fatjet_msoftdrop_jerdn
vector<float>
Common_fatjet_msoftdrop_jmsup
Common_fatjet_msoftdrop_jmsup
vector<float>
Common_fatjet_msoftdrop_jmsdn
Common_fatjet_msoftdrop_jmsdn
vector<float>
Common_fatjet_msoftdrop_jmrup
Common_fatjet_msoftdrop_jmrup
vector<float>
Common_fatjet_msoftdrop_jmrdn
Common_fatjet_msoftdrop_jmrdn
vector<float>
Common_fatjet_mass_jesup
Common_fatjet_mass_jesup
vector<float>
Common_fatjet_mass_jesdn
Common_fatjet_mass_jesdn
vector<float>
Common_fatjet_mass_jerup
Common_fatjet_mass_jerup
vector<float>
Common_fatjet_mass_jerdn
Common_fatjet_mass_jerdn
vector<float>
Common_fatjet_mass_jmsup
Common_fatjet_mass_jmsup
vector<float>
Common_fatjet_mass_jmsdn
Common_fatjet_mass_jmsdn
vector<float>
Common_fatjet_mass_jmrup
Common_fatjet_mass_jmrup
vector<float>
Common_fatjet_mass_jmrdn
Common_fatjet_mass_jmrdn
vector<float>
Common_eventweight_fatjet_SFVLoose
Common_eventweight_fatjet_SFVLoose/F

Common_eventweight_fatjet_SFMedium
Common_eventweight_fatjet_SFMedium/F

Common_eventweight_fatjet_SFTight
Common_eventweight_fatjet_SFTight/F

Common_eventweight_fatjet_SFdnVLoose
Common_eventweight_fatjet_SFdnVLoose/F

Common_eventweight_fatjet_SFdnMedium
Common_eventweight_fatjet_SFdnMedium/F

Common_eventweight_fatjet_SFdnTight
Common_eventweight_fatjet_SFdnTight/F

Common_eventweight_fatjet_SFupVLoose
Common_eventweight_fatjet_SFupVLoose/F

Common_eventweight_fatjet_SFupMedium
Common_eventweight_fatjet_SFupMedium/F

Common_eventweight_fatjet_SFupTight
Common_eventweight_fatjet_SFupTight/F

Common_eventweight_fatjet_MD_SFLoose
Common_eventweight_fatjet_MD_SFLoose/F

Common_eventweight_fatjet_MD_SFMedium
Common_eventweight_fatjet_MD_SFMedium/F

Common_eventweight_fatjet_MD_SFTight
Common_eventweight_fatjet_MD_SFTight/F

Common_eventweight_fatjet_MD_SFdnLoose
Common_eventweight_fatjet_MD_SFdnLoose/F

Common_eventweight_fatjet_MD_SFdnMedium
Common_eventweight_fatjet_MD_SFdnMedium/F

Common_eventweight_fatjet_MD_SFdnTight
Common_eventweight_fatjet_MD_SFdnTight/F

Common_eventweight_fatjet_MD_SFupLoose
Common_eventweight_fatjet_MD_SFupLoose/F

Common_eventweight_fatjet_MD_SFupMedium
Common_eventweight_fatjet_MD_SFupMedium/F

Common_eventweight_fatjet_MD_SFupTight
Common_eventweight_fatjet_MD_SFupTight/F

Common_nb_loose
Common_nb_loose/I

Common_nb_medium
Common_nb_medium/I

Common_nb_tight
Common_nb_tight/I

Common_gen_idx
Common_gen_idx
vector<int>
Common_gen_mother_idx
Common_gen_mother_idx
vector<int>
Common_gen_mother_id
Common_gen_mother_id
vector<int>
Common_gen_pdgid
Common_gen_pdgid
vector<int>
Common_gen_p4s
Common_gen_p4s_
vector<ROOT::Math::LorentzVector<ROOT::Math::PtEtaPhiM4D<float> > >
Common_gen_vvvdecay_idx
Common_gen_vvvdecay_idx
vector<int>
Common_gen_vvvdecay_mother_idx
Common_gen_vvvdecay_mother_idx
vector<int>
Common_gen_vvvdecay_mother_id
Common_gen_vvvdecay_mother_id
vector<int>
Common_gen_vvvdecay_pdgid
Common_gen_vvvdecay_pdgid
vector<int>
Common_gen_vvvdecay_p4s
Common_gen_vvvdecay_p4s_
vector<ROOT::Math::LorentzVector<ROOT::Math::PtEtaPhiM4D<float> > >
Common_gen_vvvdecay_taudecayid
Common_gen_vvvdecay_taudecayid
vector<int>
Common_isSignal
Common_isSignal/O

Common_n_W
Common_n_W/I

Common_n_Z
Common_n_Z/I

Common_n_lep_Z
Common_n_lep_Z/I

Common_n_leptau_Z
Common_n_leptau_Z/I

Common_n_hadtau_Z
Common_n_hadtau_Z/I

Common_n_nu_Z
Common_n_nu_Z/I

Common_n_b_Z
Common_n_b_Z/I

Common_n_lep_W
Common_n_lep_W/I

Common_n_leptau_W
Common_n_leptau_W/I

Common_n_hadtau_W
Common_n_hadtau_W/I

Common_haslepWSS
Common_haslepWSS/O

Common_genHT
Common_genHT/F

Common_gen_n_light_lep
Common_gen_n_light_lep/I

Common_gen_VH_channel
Common_gen_VH_channel/I

Cut_4LepMET_Preselection
Cut_4LepMET_Preselection/O

Cut_4LepMET_emuChannel
Cut_4LepMET_emuChannel/O

Cut_4LepMET_offzChannel
Cut_4LepMET_offzChannel/O

Cut_4LepMET_onzChannel
Cut_4LepMET_onzChannel/O

Cut_4LepMET_onzChannel_HighMET
Cut_4LepMET_onzChannel_HighMET/O

Var_4LepMET_Zcand_lep_idx_0
Var_4LepMET_Zcand_lep_idx_0/I

Var_4LepMET_Zcand_lep_pdgid_0
Var_4LepMET_Zcand_lep_pdgid_0/I

Var_4LepMET_Zcand_lep_p4_0
Var_4LepMET_Zcand_lep_p4_0
ROOT::Math::LorentzVector<ROOT::Math::PtEtaPhiM4D<float> >
Var_4LepMET_Zcand_lep_idx_1
Var_4LepMET_Zcand_lep_idx_1/I

Var_4LepMET_Zcand_lep_pdgid_1
Var_4LepMET_Zcand_lep_pdgid_1/I

Var_4LepMET_Zcand_lep_p4_1
Var_4LepMET_Zcand_lep_p4_1
ROOT::Math::LorentzVector<ROOT::Math::PtEtaPhiM4D<float> >
Var_4LepMET_Zcand_mll
Var_4LepMET_Zcand_mll/F

Var_4LepMET_other_lep_idx_0
Var_4LepMET_other_lep_idx_0/I

Var_4LepMET_other_lep_pdgid_0
Var_4LepMET_other_lep_pdgid_0/I

Var_4LepMET_other_lep_p4_0
Var_4LepMET_other_lep_p4_0
ROOT::Math::LorentzVector<ROOT::Math::PtEtaPhiM4D<float> >
Var_4LepMET_other_lep_idx_1
Var_4LepMET_other_lep_idx_1/I

Var_4LepMET_other_lep_pdgid_1
Var_4LepMET_other_lep_pdgid_1/I

Var_4LepMET_other_lep_p4_1
Var_4LepMET_other_lep_p4_1
ROOT::Math::LorentzVector<ROOT::Math::PtEtaPhiM4D<float> >
Var_4LepMET_other_mll
Var_4LepMET_other_mll/F

Var_4LepMET_mt2
Var_4LepMET_mt2/F

Var_4LepMET_scaleLumi
Var_4LepMET_scaleLumi/F

Var_4LepMET_intLumi
Var_4LepMET_intLumi/F

